<?xml version="1.0" encoding="UTF-8"?>
<!-- Generated by org.testng.reporters.JUnitReportReporter -->
<testsuite hostname="DESKTOP-4M14A0P" failures="0" tests="1" name="driverFactory.AppTest" time="16.048" errors="0" timestamp="2023-09-22T18:42:14 IST" skipped="0">
  <testcase classname="driverFactory.AppTest" name="kickStart" time="16.048"/>
  <system-out/>
</testsuite> <!-- driverFactory.AppTest -->
